<?xml version="1.0" encoding="UTF-8"?>
<testng-results ignored="0" total="1" passed="0" failed="1" skipped="0">
  <reporter-output>
  </reporter-output>
  <suite started-at="2024-09-25T11:59:15 AEST" name="Default suite" finished-at="2024-09-25T11:59:15 AEST" duration-ms="459">
    <groups>
    </groups>
    <test started-at="2024-09-25T11:59:15 AEST" name="Default test" finished-at="2024-09-25T11:59:15 AEST" duration-ms="459">
      <class name="tests.userTest">
        <test-method is-config="true" signature="setupData()[pri:0, instance:tests.userTest@359df09a]" started-at="2024-09-25T11:59:15 AEST" name="setupData" finished-at="2024-09-25T11:59:15 AEST" duration-ms="203" status="PASS">
          <reporter-output>
          </reporter-output>
        </test-method> <!-- setupData -->
        <test-method signature="testPostUser()[pri:1, instance:tests.userTest@359df09a]" started-at="2024-09-25T11:59:15 AEST" name="testPostUser" finished-at="2024-09-25T11:59:15 AEST" duration-ms="210" status="FAIL">
          <exception class="java.lang.ExceptionInInitializerError">
            <full-stacktrace>
              <![CDATA[java.lang.ExceptionInInitializerError
at org.codehaus.groovy.reflection.ClassInfo.isValidWeakMetaClass(ClassInfo.java:283)
at org.codehaus.groovy.reflection.ClassInfo.getMetaClassForClass(ClassInfo.java:253)
at org.codehaus.groovy.reflection.ClassInfo.getMetaClass(ClassInfo.java:309)
at io.restassured.authentication.NoAuthScheme.$getStaticMetaClass(NoAuthScheme.groovy)
at io.restassured.authentication.NoAuthScheme.<init>(NoAuthScheme.groovy)
at io.restassured.RestAssured.<clinit>(RestAssured.java:355)
at utilities.userEndpoints.createUser(userEndpoints.java:12)
at tests.userTest.testPostUser(userTest.java:32)
at java.base/jdk.internal.reflect.DirectMethodHandleAccessor.invoke(DirectMethodHandleAccessor.java:103)
at java.base/java.lang.reflect.Method.invoke(Method.java:580)
at org.testng.internal.invokers.MethodInvocationHelper.invokeMethod(MethodInvocationHelper.java:139)
at org.testng.internal.invokers.TestInvoker.invokeMethod(TestInvoker.java:664)
at org.testng.internal.invokers.TestInvoker.invokeTestMethod(TestInvoker.java:228)
at org.testng.internal.invokers.MethodRunner.runInSequence(MethodRunner.java:63)
at org.testng.internal.invokers.TestInvoker$MethodInvocationAgent.invoke(TestInvoker.java:961)
at org.testng.internal.invokers.TestInvoker.invokeTestMethods(TestInvoker.java:201)
at org.testng.internal.invokers.TestMethodWorker.invokeTestMethods(TestMethodWorker.java:148)
at org.testng.internal.invokers.TestMethodWorker.run(TestMethodWorker.java:128)
at java.base/java.util.ArrayList.forEach(ArrayList.java:1596)
at org.testng.TestRunner.privateRun(TestRunner.java:819)
at org.testng.TestRunner.run(TestRunner.java:619)
at org.testng.SuiteRunner.runTest(SuiteRunner.java:443)
at org.testng.SuiteRunner.runSequentially(SuiteRunner.java:437)
at org.testng.SuiteRunner.privateRun(SuiteRunner.java:397)
at org.testng.SuiteRunner.run(SuiteRunner.java:336)
at org.testng.SuiteRunnerWorker.runSuite(SuiteRunnerWorker.java:52)
at org.testng.SuiteRunnerWorker.run(SuiteRunnerWorker.java:95)
at org.testng.TestNG.runSuitesSequentially(TestNG.java:1301)
at org.testng.TestNG.runSuitesLocally(TestNG.java:1228)
at org.testng.TestNG.runSuites(TestNG.java:1134)
at org.testng.TestNG.run(TestNG.java:1101)
at org.testng.remote.AbstractRemoteTestNG.run(AbstractRemoteTestNG.java:115)
at org.testng.remote.RemoteTestNG.initAndRun(RemoteTestNG.java:293)
at org.testng.remote.RemoteTestNG.main(RemoteTestNG.java:91)
Caused by: groovy.lang.GroovyRuntimeException: Conflicting module versions. Module [groovy-xml is loaded in version 3.0.22 and you are trying to load version 4.0.22
at org.codehaus.groovy.runtime.metaclass.MetaClassRegistryImpl$DefaultModuleListener.onModule(MetaClassRegistryImpl.java:524)
at org.codehaus.groovy.runtime.m12n.ExtensionModuleScanner.scanExtensionModuleFromProperties(ExtensionModuleScanner.java:85)
at org.codehaus.groovy.runtime.m12n.ExtensionModuleScanner.scanExtensionModuleFromMetaInf(ExtensionModuleScanner.java:79)
at org.codehaus.groovy.runtime.m12n.ExtensionModuleScanner.scanClasspathModulesFrom(ExtensionModuleScanner.java:61)
at org.codehaus.groovy.runtime.m12n.ExtensionModuleScanner.scanClasspathModules(ExtensionModuleScanner.java:54)
at org.codehaus.groovy.runtime.metaclass.MetaClassRegistryImpl.<init>(MetaClassRegistryImpl.java:133)
at org.codehaus.groovy.runtime.metaclass.MetaClassRegistryImpl.<init>(MetaClassRegistryImpl.java:94)
at groovy.lang.GroovySystem.<clinit>(GroovySystem.java:37)
... 34 more
]]>
            </full-stacktrace>
          </exception> <!-- java.lang.ExceptionInInitializerError -->
          <reporter-output>
          </reporter-output>
        </test-method> <!-- testPostUser -->
      </class> <!-- tests.userTest -->
    </test> <!-- Default test -->
  </suite> <!-- Default suite -->
</testng-results>
